<?xml version="1.0" encoding="UTF-8"?>
<coverage generated="1515185285964" clover="3.2.0">
  <project timestamp="1515185285964" name="All files">
    <metrics statements="69" coveredstatements="55" conditionals="44" coveredconditionals="22" methods="36" coveredmethods="28" elements="149" coveredelements="105" complexity="0" loc="69" ncloc="69" packages="5" files="11" classes="11">
      <package name="pages.Main">
        <metrics statements="13" coveredstatements="13" conditionals="2" coveredconditionals="2" methods="11" coveredmethods="11"/>
        <file name="index.js" path="/Users/skeletor/Projects/Mobile/hubersOnMaps/src/pages/Main/index.js">
          <metrics statements="12" coveredstatements="12" conditionals="2" coveredconditionals="2" methods="11" coveredmethods="11"/>
          <line num="35" count="11" type="stmt"/>
          <line num="43" count="2" type="stmt"/>
          <line num="47" count="3" type="stmt"/>
          <line num="50" count="1" type="stmt"/>
          <line num="61" count="5" type="stmt"/>
          <line num="73" count="11" type="stmt"/>
          <line num="75" count="11" type="stmt"/>
          <line num="81" count="1" type="stmt"/>
          <line num="84" count="8" type="stmt"/>
          <line num="107" count="8" type="stmt"/>
          <line num="112" count="1" type="stmt"/>
          <line num="113" count="8" type="stmt"/>
        </file>
        <file name="styles.js" path="/Users/skeletor/Projects/Mobile/hubersOnMaps/src/pages/Main/styles.js">
          <metrics statements="1" coveredstatements="1" conditionals="0" coveredconditionals="0" methods="0" coveredmethods="0"/>
          <line num="4" count="1" type="stmt"/>
        </file>
      </package>
      <package name="pages.Main.components.Button">
        <metrics statements="6" coveredstatements="6" conditionals="0" coveredconditionals="0" methods="1" coveredmethods="1"/>
        <file name="index.js" path="/Users/skeletor/Projects/Mobile/hubersOnMaps/src/pages/Main/components/Button/index.js">
          <metrics statements="5" coveredstatements="5" conditionals="0" coveredconditionals="0" methods="1" coveredmethods="1"/>
          <line num="21" count="3" type="stmt"/>
          <line num="23" count="3" type="stmt"/>
          <line num="24" count="1" type="stmt"/>
          <line num="37" count="3" type="stmt"/>
          <line num="44" count="3" type="stmt"/>
        </file>
        <file name="styles.js" path="/Users/skeletor/Projects/Mobile/hubersOnMaps/src/pages/Main/components/Button/styles.js">
          <metrics statements="1" coveredstatements="1" conditionals="0" coveredconditionals="0" methods="0" coveredmethods="0"/>
          <line num="4" count="3" type="stmt"/>
        </file>
      </package>
      <package name="pages.Main.components.Modal">
        <metrics statements="15" coveredstatements="15" conditionals="6" coveredconditionals="6" methods="9" coveredmethods="9"/>
        <file name="index.js" path="/Users/skeletor/Projects/Mobile/hubersOnMaps/src/pages/Main/components/Modal/index.js">
          <metrics statements="14" coveredstatements="14" conditionals="6" coveredconditionals="6" methods="9" coveredmethods="9"/>
          <line num="48" count="2" type="stmt"/>
          <line num="49" count="2" type="stmt"/>
          <line num="51" count="2" type="cond" truecount="2" falsecount="0"/>
          <line num="53" count="1" type="stmt"/>
          <line num="55" count="1" type="stmt"/>
          <line num="59" count="10" type="stmt"/>
          <line num="67" count="1" type="stmt"/>
          <line num="75" count="1" type="stmt"/>
          <line num="82" count="2" type="stmt"/>
          <line num="91" count="1" type="stmt"/>
          <line num="100" count="11" type="stmt"/>
          <line num="121" count="8" type="stmt"/>
          <line num="126" count="2" type="stmt"/>
          <line num="127" count="8" type="stmt"/>
        </file>
        <file name="styles.js" path="/Users/skeletor/Projects/Mobile/hubersOnMaps/src/pages/Main/components/Modal/styles.js">
          <metrics statements="1" coveredstatements="1" conditionals="0" coveredconditionals="0" methods="0" coveredmethods="0"/>
          <line num="4" count="2" type="stmt"/>
        </file>
      </package>
      <package name="redux.ducks">
        <metrics statements="23" coveredstatements="21" conditionals="18" coveredconditionals="14" methods="8" coveredmethods="7"/>
        <file name="index.js" path="/Users/skeletor/Projects/Mobile/hubersOnMaps/src/redux/ducks/index.js">
          <metrics statements="2" coveredstatements="0" conditionals="4" coveredconditionals="0" methods="1" coveredmethods="0"/>
          <line num="1" count="0" type="stmt"/>
          <line num="2" count="0" type="cond" truecount="0" falsecount="4"/>
        </file>
        <file name="locations.js" path="/Users/skeletor/Projects/Mobile/hubersOnMaps/src/redux/ducks/locations.js">
          <metrics statements="13" coveredstatements="13" conditionals="9" coveredconditionals="9" methods="4" coveredmethods="4"/>
          <line num="6" count="4" type="stmt"/>
          <line num="17" count="4" type="stmt"/>
          <line num="25" count="8" type="cond" truecount="8" falsecount="0"/>
          <line num="28" count="2" type="stmt"/>
          <line num="35" count="1" type="stmt"/>
          <line num="42" count="1" type="stmt"/>
          <line num="50" count="1" type="stmt"/>
          <line num="58" count="1" type="stmt"/>
          <line num="66" count="1" type="stmt"/>
          <line num="67" count="1" type="stmt"/>
          <line num="70" count="1" type="stmt"/>
          <line num="78" count="2" type="stmt"/>
          <line num="88" count="5" type="stmt"/>
        </file>
        <file name="ui.js" path="/Users/skeletor/Projects/Mobile/hubersOnMaps/src/redux/ducks/ui.js">
          <metrics statements="8" coveredstatements="8" conditionals="5" coveredconditionals="5" methods="3" coveredmethods="3"/>
          <line num="6" count="4" type="stmt"/>
          <line num="15" count="4" type="stmt"/>
          <line num="18" count="4" type="cond" truecount="4" falsecount="0"/>
          <line num="20" count="1" type="stmt"/>
          <line num="27" count="2" type="stmt"/>
          <line num="32" count="1" type="stmt"/>
          <line num="40" count="1" type="stmt"/>
          <line num="49" count="2" type="stmt"/>
        </file>
      </package>
      <package name="redux.sagas">
        <metrics statements="12" coveredstatements="0" conditionals="18" coveredconditionals="0" methods="7" coveredmethods="0"/>
        <file name="index.js" path="/Users/skeletor/Projects/Mobile/hubersOnMaps/src/redux/sagas/index.js">
          <metrics statements="3" coveredstatements="0" conditionals="3" coveredconditionals="0" methods="2" coveredmethods="0"/>
          <line num="1" count="0" type="stmt"/>
          <line num="7" count="0" type="cond" truecount="0" falsecount="3"/>
          <line num="9" count="0" type="stmt"/>
        </file>
        <file name="locations.js" path="/Users/skeletor/Projects/Mobile/hubersOnMaps/src/redux/sagas/locations.js">
          <metrics statements="9" coveredstatements="0" conditionals="15" coveredconditionals="0" methods="5" coveredmethods="0"/>
          <line num="1" count="0" type="stmt"/>
          <line num="9" count="0" type="cond" truecount="0" falsecount="11"/>
          <line num="10" count="0" type="stmt"/>
          <line num="11" count="0" type="cond" truecount="0" falsecount="2"/>
          <line num="13" count="0" type="stmt"/>
          <line num="14" count="0" type="stmt"/>
          <line num="15" count="0" type="stmt"/>
          <line num="19" count="0" type="stmt"/>
          <line num="22" count="0" type="stmt"/>
        </file>
      </package>
    </metrics>
  </project>
</coverage>
