<?xml version="1.0" encoding="UTF-8"?>
<coverage generated="1515786126876" clover="3.2.0">
  <project timestamp="1515786126876" name="All files">
    <metrics statements="65" coveredstatements="65" conditionals="28" coveredconditionals="28" methods="31" coveredmethods="31" elements="124" coveredelements="124" complexity="0" loc="65" ncloc="65" packages="5" files="9" classes="9">
      <package name="pages.Main">
        <metrics statements="13" coveredstatements="13" conditionals="2" coveredconditionals="2" methods="11" coveredmethods="11"/>
        <file name="index.js" path="/Users/skeletor/Projects/Mobile/hubersOnMaps/src/pages/Main/index.js">
          <metrics statements="12" coveredstatements="12" conditionals="2" coveredconditionals="2" methods="11" coveredmethods="11"/>
          <line num="35" count="11" type="stmt"/>
          <line num="43" count="2" type="stmt"/>
          <line num="47" count="3" type="stmt"/>
          <line num="50" count="1" type="stmt"/>
          <line num="61" count="5" type="stmt"/>
          <line num="73" count="11" type="stmt"/>
          <line num="75" count="11" type="stmt"/>
          <line num="81" count="1" type="stmt"/>
          <line num="84" count="8" type="stmt"/>
          <line num="107" count="8" type="stmt"/>
          <line num="112" count="1" type="stmt"/>
          <line num="113" count="8" type="stmt"/>
        </file>
        <file name="styles.js" path="/Users/skeletor/Projects/Mobile/hubersOnMaps/src/pages/Main/styles.js">
          <metrics statements="1" coveredstatements="1" conditionals="0" coveredconditionals="0" methods="0" coveredmethods="0"/>
          <line num="4" count="1" type="stmt"/>
        </file>
      </package>
      <package name="pages.Main.components.Button">
        <metrics statements="6" coveredstatements="6" conditionals="0" coveredconditionals="0" methods="1" coveredmethods="1"/>
        <file name="index.js" path="/Users/skeletor/Projects/Mobile/hubersOnMaps/src/pages/Main/components/Button/index.js">
          <metrics statements="5" coveredstatements="5" conditionals="0" coveredconditionals="0" methods="1" coveredmethods="1"/>
          <line num="21" count="3" type="stmt"/>
          <line num="23" count="3" type="stmt"/>
          <line num="24" count="1" type="stmt"/>
          <line num="37" count="3" type="stmt"/>
          <line num="44" count="3" type="stmt"/>
        </file>
        <file name="styles.js" path="/Users/skeletor/Projects/Mobile/hubersOnMaps/src/pages/Main/components/Button/styles.js">
          <metrics statements="1" coveredstatements="1" conditionals="0" coveredconditionals="0" methods="0" coveredmethods="0"/>
          <line num="4" count="3" type="stmt"/>
        </file>
      </package>
      <package name="pages.Main.components.Modal">
        <metrics statements="15" coveredstatements="15" conditionals="6" coveredconditionals="6" methods="9" coveredmethods="9"/>
        <file name="index.js" path="/Users/skeletor/Projects/Mobile/hubersOnMaps/src/pages/Main/components/Modal/index.js">
          <metrics statements="14" coveredstatements="14" conditionals="6" coveredconditionals="6" methods="9" coveredmethods="9"/>
          <line num="48" count="2" type="stmt"/>
          <line num="49" count="2" type="stmt"/>
          <line num="51" count="2" type="cond" truecount="2" falsecount="0"/>
          <line num="53" count="1" type="stmt"/>
          <line num="55" count="1" type="stmt"/>
          <line num="59" count="10" type="stmt"/>
          <line num="67" count="1" type="stmt"/>
          <line num="75" count="1" type="stmt"/>
          <line num="82" count="2" type="stmt"/>
          <line num="91" count="1" type="stmt"/>
          <line num="100" count="11" type="stmt"/>
          <line num="121" count="8" type="stmt"/>
          <line num="126" count="2" type="stmt"/>
          <line num="127" count="8" type="stmt"/>
        </file>
        <file name="styles.js" path="/Users/skeletor/Projects/Mobile/hubersOnMaps/src/pages/Main/components/Modal/styles.js">
          <metrics statements="1" coveredstatements="1" conditionals="0" coveredconditionals="0" methods="0" coveredmethods="0"/>
          <line num="4" count="2" type="stmt"/>
        </file>
      </package>
      <package name="redux.ducks">
        <metrics statements="21" coveredstatements="21" conditionals="14" coveredconditionals="14" methods="7" coveredmethods="7"/>
        <file name="locations.js" path="/Users/skeletor/Projects/Mobile/hubersOnMaps/src/redux/ducks/locations.js">
          <metrics statements="13" coveredstatements="13" conditionals="9" coveredconditionals="9" methods="4" coveredmethods="4"/>
          <line num="6" count="5" type="stmt"/>
          <line num="17" count="5" type="stmt"/>
          <line num="25" count="8" type="cond" truecount="8" falsecount="0"/>
          <line num="28" count="2" type="stmt"/>
          <line num="35" count="1" type="stmt"/>
          <line num="42" count="1" type="stmt"/>
          <line num="50" count="1" type="stmt"/>
          <line num="58" count="1" type="stmt"/>
          <line num="66" count="1" type="stmt"/>
          <line num="67" count="1" type="stmt"/>
          <line num="70" count="1" type="stmt"/>
          <line num="78" count="5" type="stmt"/>
          <line num="88" count="5" type="stmt"/>
        </file>
        <file name="ui.js" path="/Users/skeletor/Projects/Mobile/hubersOnMaps/src/redux/ducks/ui.js">
          <metrics statements="8" coveredstatements="8" conditionals="5" coveredconditionals="5" methods="3" coveredmethods="3"/>
          <line num="6" count="5" type="stmt"/>
          <line num="15" count="5" type="stmt"/>
          <line num="18" count="4" type="cond" truecount="4" falsecount="0"/>
          <line num="20" count="1" type="stmt"/>
          <line num="27" count="2" type="stmt"/>
          <line num="32" count="1" type="stmt"/>
          <line num="40" count="1" type="stmt"/>
          <line num="49" count="2" type="stmt"/>
        </file>
      </package>
      <package name="redux.sagas">
        <metrics statements="10" coveredstatements="10" conditionals="6" coveredconditionals="6" methods="3" coveredmethods="3"/>
        <file name="locations.js" path="/Users/skeletor/Projects/Mobile/hubersOnMaps/src/redux/sagas/locations.js">
          <metrics statements="10" coveredstatements="10" conditionals="6" coveredconditionals="6" methods="3" coveredmethods="3"/>
          <line num="7" count="2" type="stmt"/>
          <line num="10" count="3" type="stmt"/>
          <line num="11" count="3" type="stmt"/>
          <line num="13" count="3" type="cond" truecount="2" falsecount="0"/>
          <line num="14" count="2" type="stmt"/>
          <line num="15" count="2" type="stmt"/>
          <line num="17" count="2" type="cond" truecount="2" falsecount="0"/>
          <line num="18" count="1" type="stmt"/>
          <line num="21" count="2" type="stmt"/>
          <line num="26" count="1" type="stmt"/>
        </file>
      </package>
    </metrics>
  </project>
</coverage>
