{"/Users/skeletor/Projects/Mobile/hubersOnMaps/src/pages/Main/index.js": {"path":"/Users/skeletor/Projects/Mobile/hubersOnMaps/src/pages/Main/index.js","statementMap":{"0":{"start":{"line":35,"column":24},"end":{"line":40,"column":3}},"1":{"start":{"line":43,"column":4},"end":{"line":43,"column":36}},"2":{"start":{"line":47,"column":4},"end":{"line":57,"column":22}},"3":{"start":{"line":50,"column":49},"end":{"line":50,"column":74}},"4":{"start":{"line":61,"column":4},"end":{"line":69,"column":22}},"5":{"start":{"line":61,"column":59},"end":{"line":61,"column":84}},"6":{"start":{"line":73,"column":26},"end":{"line":73,"column":36}},"7":{"start":{"line":75,"column":4},"end":{"line":103,"column":6}},"8":{"start":{"line":81,"column":28},"end":{"line":81,"column":74}},"9":{"start":{"line":84,"column":12},"end":{"line":98,"column":29}},"10":{"start":{"line":107,"column":24},"end":{"line":110,"column":2}},"11":{"start":{"line":107,"column":34},"end":{"line":110,"column":1}},"12":{"start":{"line":112,"column":27},"end":{"line":113,"column":59}},"13":{"start":{"line":113,"column":2},"end":{"line":113,"column":59}}},"fnMap":{"0":{"name":"(anonymous_0)","decl":{"start":{"line":35,"column":17},"end":{"line":35,"column":18}},"loc":{"start":{"line":35,"column":24},"end":{"line":40,"column":3}},"line":35},"1":{"name":"(anonymous_1)","decl":{"start":{"line":42,"column":17},"end":{"line":42,"column":18}},"loc":{"start":{"line":42,"column":29},"end":{"line":44,"column":3}},"line":42},"2":{"name":"(anonymous_2)","decl":{"start":{"line":46,"column":21},"end":{"line":46,"column":22}},"loc":{"start":{"line":47,"column":4},"end":{"line":57,"column":22}},"line":47},"3":{"name":"(anonymous_3)","decl":{"start":{"line":50,"column":43},"end":{"line":50,"column":44}},"loc":{"start":{"line":50,"column":49},"end":{"line":50,"column":74}},"line":50},"4":{"name":"(anonymous_4)","decl":{"start":{"line":60,"column":25},"end":{"line":60,"column":26}},"loc":{"start":{"line":61,"column":4},"end":{"line":69,"column":22}},"line":61},"5":{"name":"(anonymous_5)","decl":{"start":{"line":61,"column":53},"end":{"line":61,"column":54}},"loc":{"start":{"line":61,"column":59},"end":{"line":61,"column":84}},"line":61},"6":{"name":"(anonymous_6)","decl":{"start":{"line":72,"column":2},"end":{"line":72,"column":3}},"loc":{"start":{"line":72,"column":11},"end":{"line":104,"column":3}},"line":72},"7":{"name":"(anonymous_7)","decl":{"start":{"line":81,"column":23},"end":{"line":81,"column":24}},"loc":{"start":{"line":81,"column":28},"end":{"line":81,"column":74}},"line":81},"8":{"name":"(anonymous_8)","decl":{"start":{"line":83,"column":30},"end":{"line":83,"column":31}},"loc":{"start":{"line":84,"column":12},"end":{"line":98,"column":29}},"line":84},"9":{"name":"(anonymous_9)","decl":{"start":{"line":107,"column":24},"end":{"line":107,"column":25}},"loc":{"start":{"line":107,"column":34},"end":{"line":110,"column":1}},"line":107},"10":{"name":"(anonymous_10)","decl":{"start":{"line":112,"column":27},"end":{"line":112,"column":28}},"loc":{"start":{"line":113,"column":2},"end":{"line":113,"column":59}},"line":113}},"branchMap":{"0":{"loc":{"start":{"line":95,"column":16},"end":{"line":97,"column":51}},"type":"cond-expr","locations":[{"start":{"line":96,"column":18},"end":{"line":96,"column":47}},{"start":{"line":97,"column":18},"end":{"line":97,"column":51}}],"line":95}},"s":{"0":11,"1":2,"2":3,"3":1,"4":5,"5":1,"6":11,"7":11,"8":1,"9":8,"10":1,"11":8,"12":1,"13":8},"f":{"0":11,"1":2,"2":3,"3":1,"4":5,"5":1,"6":11,"7":1,"8":8,"9":8,"10":8},"b":{"0":[3,5]},"_coverageSchema":"332fd63041d2c1bcb487cc26dd0d5f7d97098a6c","hash":"bf999096a4823c69413ddccdb4c4c6b4fe52e026"}
,"/Users/skeletor/Projects/Mobile/hubersOnMaps/src/pages/Main/styles.js": {"path":"/Users/skeletor/Projects/Mobile/hubersOnMaps/src/pages/Main/styles.js","statementMap":{"0":{"start":{"line":4,"column":15},"end":{"line":55,"column":2}}},"fnMap":{},"branchMap":{},"s":{"0":1},"f":{},"b":{},"_coverageSchema":"332fd63041d2c1bcb487cc26dd0d5f7d97098a6c","hash":"5ca9a3cd18dd5488a590be45a0e2bfd0e057e39b"}
,"/Users/skeletor/Projects/Mobile/hubersOnMaps/src/pages/Main/components/Button/index.js": {"path":"/Users/skeletor/Projects/Mobile/hubersOnMaps/src/pages/Main/components/Button/index.js","statementMap":{"0":{"start":{"line":21,"column":24},"end":{"line":21,"column":40}},"1":{"start":{"line":23,"column":15},"end":{"line":35,"column":1}},"2":{"start":{"line":24,"column":2},"end":{"line":34,"column":20}},"3":{"start":{"line":37,"column":0},"end":{"line":42,"column":2}},"4":{"start":{"line":44,"column":0},"end":{"line":47,"column":2}}},"fnMap":{"0":{"name":"(anonymous_0)","decl":{"start":{"line":23,"column":15},"end":{"line":23,"column":16}},"loc":{"start":{"line":24,"column":2},"end":{"line":34,"column":20}},"line":24}},"branchMap":{},"s":{"0":3,"1":3,"2":1,"3":3,"4":3},"f":{"0":1},"b":{},"_coverageSchema":"332fd63041d2c1bcb487cc26dd0d5f7d97098a6c","hash":"c773a76e6333a06f07c9048901f8a9411e87ac75"}
,"/Users/skeletor/Projects/Mobile/hubersOnMaps/src/pages/Main/components/Button/styles.js": {"path":"/Users/skeletor/Projects/Mobile/hubersOnMaps/src/pages/Main/components/Button/styles.js","statementMap":{"0":{"start":{"line":4,"column":15},"end":{"line":26,"column":2}}},"fnMap":{},"branchMap":{},"s":{"0":3},"f":{},"b":{},"_coverageSchema":"332fd63041d2c1bcb487cc26dd0d5f7d97098a6c","hash":"19cf530c464ec410d08281705ef70487b2922c80"}
,"/Users/skeletor/Projects/Mobile/hubersOnMaps/src/pages/Main/components/Modal/index.js": {"path":"/Users/skeletor/Projects/Mobile/hubersOnMaps/src/pages/Main/components/Modal/index.js","statementMap":{"0":{"start":{"line":48,"column":22},"end":{"line":48,"column":32}},"1":{"start":{"line":49,"column":27},"end":{"line":49,"column":40}},"2":{"start":{"line":51,"column":4},"end":{"line":51,"column":29}},"3":{"start":{"line":51,"column":22},"end":{"line":51,"column":29}},"4":{"start":{"line":53,"column":4},"end":{"line":53,"column":46}},"5":{"start":{"line":55,"column":4},"end":{"line":55,"column":33}},"6":{"start":{"line":59,"column":4},"end":{"line":87,"column":11}},"7":{"start":{"line":67,"column":30},"end":{"line":67,"column":60}},"8":{"start":{"line":75,"column":25},"end":{"line":75,"column":48}},"9":{"start":{"line":82,"column":25},"end":{"line":82,"column":43}},"10":{"start":{"line":91,"column":4},"end":{"line":96,"column":11}},"11":{"start":{"line":100,"column":4},"end":{"line":117,"column":6}},"12":{"start":{"line":121,"column":24},"end":{"line":124,"column":2}},"13":{"start":{"line":121,"column":34},"end":{"line":124,"column":1}},"14":{"start":{"line":126,"column":27},"end":{"line":127,"column":59}},"15":{"start":{"line":127,"column":2},"end":{"line":127,"column":59}}},"fnMap":{"0":{"name":"(anonymous_0)","decl":{"start":{"line":47,"column":16},"end":{"line":47,"column":17}},"loc":{"start":{"line":47,"column":22},"end":{"line":56,"column":3}},"line":47},"1":{"name":"(anonymous_1)","decl":{"start":{"line":58,"column":18},"end":{"line":58,"column":19}},"loc":{"start":{"line":59,"column":4},"end":{"line":87,"column":11}},"line":59},"2":{"name":"(anonymous_2)","decl":{"start":{"line":67,"column":22},"end":{"line":67,"column":23}},"loc":{"start":{"line":67,"column":30},"end":{"line":67,"column":60}},"line":67},"3":{"name":"(anonymous_3)","decl":{"start":{"line":75,"column":19},"end":{"line":75,"column":20}},"loc":{"start":{"line":75,"column":25},"end":{"line":75,"column":48}},"line":75},"4":{"name":"(anonymous_4)","decl":{"start":{"line":82,"column":19},"end":{"line":82,"column":20}},"loc":{"start":{"line":82,"column":25},"end":{"line":82,"column":43}},"line":82},"5":{"name":"(anonymous_5)","decl":{"start":{"line":90,"column":18},"end":{"line":90,"column":19}},"loc":{"start":{"line":91,"column":4},"end":{"line":96,"column":11}},"line":91},"6":{"name":"(anonymous_6)","decl":{"start":{"line":99,"column":2},"end":{"line":99,"column":3}},"loc":{"start":{"line":99,"column":11},"end":{"line":118,"column":3}},"line":99},"7":{"name":"(anonymous_7)","decl":{"start":{"line":121,"column":24},"end":{"line":121,"column":25}},"loc":{"start":{"line":121,"column":34},"end":{"line":124,"column":1}},"line":121},"8":{"name":"(anonymous_8)","decl":{"start":{"line":126,"column":27},"end":{"line":126,"column":28}},"loc":{"start":{"line":127,"column":2},"end":{"line":127,"column":59}},"line":127}},"branchMap":{"0":{"loc":{"start":{"line":51,"column":4},"end":{"line":51,"column":29}},"type":"if","locations":[{"start":{"line":51,"column":4},"end":{"line":51,"column":29}},{"start":{"line":51,"column":4},"end":{"line":51,"column":29}}],"line":51},"1":{"loc":{"start":{"line":109,"column":14},"end":{"line":111,"column":36}},"type":"cond-expr","locations":[{"start":{"line":110,"column":16},"end":{"line":110,"column":36}},{"start":{"line":111,"column":16},"end":{"line":111,"column":36}}],"line":109},"2":{"loc":{"start":{"line":113,"column":12},"end":{"line":114,"column":81}},"type":"binary-expr","locations":[{"start":{"line":113,"column":12},"end":{"line":113,"column":38}},{"start":{"line":114,"column":12},"end":{"line":114,"column":81}}],"line":113}},"s":{"0":2,"1":2,"2":2,"3":1,"4":1,"5":1,"6":10,"7":1,"8":1,"9":2,"10":1,"11":11,"12":2,"13":8,"14":2,"15":8},"f":{"0":2,"1":10,"2":1,"3":1,"4":2,"5":1,"6":11,"7":8,"8":8},"b":{"0":[1,1],"1":[1,10],"2":[11,1]},"_coverageSchema":"332fd63041d2c1bcb487cc26dd0d5f7d97098a6c","hash":"23f6bd9e6f5a0443c319a5f29c9b1e8d7eb1f183"}
,"/Users/skeletor/Projects/Mobile/hubersOnMaps/src/pages/Main/components/Modal/styles.js": {"path":"/Users/skeletor/Projects/Mobile/hubersOnMaps/src/pages/Main/components/Modal/styles.js","statementMap":{"0":{"start":{"line":4,"column":15},"end":{"line":84,"column":2}}},"fnMap":{},"branchMap":{},"s":{"0":2},"f":{},"b":{},"_coverageSchema":"332fd63041d2c1bcb487cc26dd0d5f7d97098a6c","hash":"f8d717b7aaaeafb003a3582b6c79c19ad14fb2df"}
,"/Users/skeletor/Projects/Mobile/hubersOnMaps/src/redux/ducks/index.js": {"path":"/Users/skeletor/Projects/Mobile/hubersOnMaps/src/redux/ducks/index.js","statementMap":{"0":{"start":{"line":1,"column":0},"end":{"line":1,"column":57}},"1":{"start":{"line":1,"column":72},"end":{"line":1,"column":94}},"2":{"start":{"line":1,"column":111},"end":{"line":1,"column":145}},"3":{"start":{"line":2,"column":8},"end":{"line":2,"column":23}},"4":{"start":{"line":2,"column":33},"end":{"line":2,"column":60}},"5":{"start":{"line":2,"column":98},"end":{"line":2,"column":143}},"6":{"start":{"line":2,"column":144},"end":{"line":6,"column":31}}},"fnMap":{"0":{"name":"_interopRequireDefault","decl":{"start":{"line":2,"column":70},"end":{"line":2,"column":92}},"loc":{"start":{"line":2,"column":97},"end":{"line":2,"column":144}},"line":2}},"branchMap":{"0":{"loc":{"start":{"line":2,"column":105},"end":{"line":2,"column":142}},"type":"cond-expr","locations":[{"start":{"line":2,"column":125},"end":{"line":2,"column":128}},{"start":{"line":2,"column":129},"end":{"line":2,"column":142}}],"line":2},"1":{"loc":{"start":{"line":2,"column":105},"end":{"line":2,"column":124}},"type":"binary-expr","locations":[{"start":{"line":2,"column":105},"end":{"line":2,"column":108}},{"start":{"line":2,"column":110},"end":{"line":2,"column":124}}],"line":2}},"s":{"0":0,"1":0,"2":0,"3":0,"4":0,"5":0,"6":0},"f":{"0":0},"b":{"0":[0,0],"1":[0,0]}}
,"/Users/skeletor/Projects/Mobile/hubersOnMaps/src/redux/ducks/locations.js": {"path":"/Users/skeletor/Projects/Mobile/hubersOnMaps/src/redux/ducks/locations.js","statementMap":{"0":{"start":{"line":6,"column":21},"end":{"line":13,"column":1}},"1":{"start":{"line":17,"column":21},"end":{"line":22,"column":1}},"2":{"start":{"line":25,"column":2},"end":{"line":71,"column":3}},"3":{"start":{"line":28,"column":6},"end":{"line":33,"column":8}},"4":{"start":{"line":35,"column":6},"end":{"line":40,"column":8}},"5":{"start":{"line":42,"column":6},"end":{"line":48,"column":8}},"6":{"start":{"line":50,"column":6},"end":{"line":56,"column":8}},"7":{"start":{"line":58,"column":6},"end":{"line":64,"column":8}},"8":{"start":{"line":66,"column":6},"end":{"line":68,"column":8}},"9":{"start":{"line":67,"column":42},"end":{"line":67,"column":90}},"10":{"start":{"line":70,"column":6},"end":{"line":70,"column":19}},"11":{"start":{"line":78,"column":2},"end":{"line":84,"column":4}},"12":{"start":{"line":88,"column":2},"end":{"line":93,"column":4}}},"fnMap":{"0":{"name":"locations","decl":{"start":{"line":24,"column":24},"end":{"line":24,"column":33}},"loc":{"start":{"line":24,"column":64},"end":{"line":72,"column":1}},"line":24},"1":{"name":"(anonymous_1)","decl":{"start":{"line":67,"column":32},"end":{"line":67,"column":33}},"loc":{"start":{"line":67,"column":42},"end":{"line":67,"column":90}},"line":67},"2":{"name":"addLocation","decl":{"start":{"line":77,"column":16},"end":{"line":77,"column":27}},"loc":{"start":{"line":77,"column":47},"end":{"line":85,"column":1}},"line":77},"3":{"name":"removeMarker","decl":{"start":{"line":87,"column":16},"end":{"line":87,"column":28}},"loc":{"start":{"line":87,"column":37},"end":{"line":94,"column":1}},"line":87}},"branchMap":{"0":{"loc":{"start":{"line":24,"column":34},"end":{"line":24,"column":54}},"type":"default-arg","locations":[{"start":{"line":24,"column":42},"end":{"line":24,"column":54}}],"line":24},"1":{"loc":{"start":{"line":25,"column":2},"end":{"line":71,"column":3}},"type":"switch","locations":[{"start":{"line":26,"column":4},"end":{"line":26,"column":22}},{"start":{"line":27,"column":4},"end":{"line":33,"column":8}},{"start":{"line":34,"column":4},"end":{"line":40,"column":8}},{"start":{"line":41,"column":4},"end":{"line":48,"column":8}},{"start":{"line":49,"column":4},"end":{"line":56,"column":8}},{"start":{"line":57,"column":4},"end":{"line":64,"column":8}},{"start":{"line":65,"column":4},"end":{"line":68,"column":8}},{"start":{"line":69,"column":4},"end":{"line":70,"column":19}}],"line":25}},"s":{"0":4,"1":4,"2":8,"3":2,"4":1,"5":1,"6":1,"7":1,"8":1,"9":1,"10":1,"11":2,"12":5},"f":{"0":8,"1":1,"2":2,"3":5},"b":{"0":[1],"1":[1,2,1,1,1,1,1,1]},"_coverageSchema":"332fd63041d2c1bcb487cc26dd0d5f7d97098a6c","hash":"287760b9aa5e0bc5d9ccafee6de221e6e756a70b"}
,"/Users/skeletor/Projects/Mobile/hubersOnMaps/src/redux/ducks/ui.js": {"path":"/Users/skeletor/Projects/Mobile/hubersOnMaps/src/redux/ducks/ui.js","statementMap":{"0":{"start":{"line":6,"column":21},"end":{"line":10,"column":1}},"1":{"start":{"line":15,"column":21},"end":{"line":15,"column":37}},"2":{"start":{"line":18,"column":2},"end":{"line":33,"column":3}},"3":{"start":{"line":20,"column":6},"end":{"line":24,"column":8}},"4":{"start":{"line":27,"column":6},"end":{"line":30,"column":8}},"5":{"start":{"line":32,"column":6},"end":{"line":32,"column":19}},"6":{"start":{"line":40,"column":2},"end":{"line":45,"column":4}},"7":{"start":{"line":49,"column":2},"end":{"line":51,"column":4}}},"fnMap":{"0":{"name":"modal","decl":{"start":{"line":17,"column":24},"end":{"line":17,"column":29}},"loc":{"start":{"line":17,"column":60},"end":{"line":34,"column":1}},"line":17},"1":{"name":"openModal","decl":{"start":{"line":39,"column":16},"end":{"line":39,"column":25}},"loc":{"start":{"line":39,"column":38},"end":{"line":46,"column":1}},"line":39},"2":{"name":"closeModal","decl":{"start":{"line":48,"column":16},"end":{"line":48,"column":26}},"loc":{"start":{"line":48,"column":29},"end":{"line":52,"column":1}},"line":48}},"branchMap":{"0":{"loc":{"start":{"line":17,"column":30},"end":{"line":17,"column":50}},"type":"default-arg","locations":[{"start":{"line":17,"column":38},"end":{"line":17,"column":50}}],"line":17},"1":{"loc":{"start":{"line":18,"column":2},"end":{"line":33,"column":3}},"type":"switch","locations":[{"start":{"line":19,"column":4},"end":{"line":24,"column":8}},{"start":{"line":25,"column":4},"end":{"line":25,"column":32}},{"start":{"line":26,"column":4},"end":{"line":30,"column":8}},{"start":{"line":31,"column":4},"end":{"line":32,"column":19}}],"line":18}},"s":{"0":4,"1":4,"2":4,"3":1,"4":2,"5":1,"6":1,"7":2},"f":{"0":4,"1":1,"2":2},"b":{"0":[1],"1":[1,1,2,1]},"_coverageSchema":"332fd63041d2c1bcb487cc26dd0d5f7d97098a6c","hash":"2dcc28940a5e888d7a1214c0acb0aa077fef148c"}
,"/Users/skeletor/Projects/Mobile/hubersOnMaps/src/redux/sagas/index.js": {"path":"/Users/skeletor/Projects/Mobile/hubersOnMaps/src/redux/sagas/index.js","statementMap":{"0":{"start":{"line":1,"column":0},"end":{"line":1,"column":57}},"1":{"start":{"line":1,"column":57},"end":{"line":7,"column":5}},"2":{"start":{"line":7,"column":18},"end":{"line":7,"column":47}},"3":{"start":{"line":7,"column":63},"end":{"line":7,"column":92}},"4":{"start":{"line":7,"column":109},"end":{"line":7,"column":131}},"5":{"start":{"line":7,"column":144},"end":{"line":7,"column":173}},"6":{"start":{"line":7,"column":190},"end":{"line":9,"column":139}},"7":{"start":{"line":7,"column":246},"end":{"line":9,"column":123}},"8":{"start":{"line":7,"column":255},"end":{"line":9,"column":122}},"9":{"start":{"line":7,"column":298},"end":{"line":7,"column":314}},"10":{"start":{"line":7,"column":314},"end":{"line":9,"column":81}},"11":{"start":{"line":9,"column":98},"end":{"line":9,"column":121}}},"fnMap":{"0":{"name":"root","decl":{"start":{"line":7,"column":183},"end":{"line":7,"column":187}},"loc":{"start":{"line":7,"column":189},"end":{"line":9,"column":140}},"line":7},"1":{"name":"root$","decl":{"start":{"line":7,"column":230},"end":{"line":7,"column":235}},"loc":{"start":{"line":7,"column":245},"end":{"line":9,"column":124}},"line":7}},"branchMap":{"0":{"loc":{"start":{"line":7,"column":255},"end":{"line":9,"column":122}},"type":"switch","locations":[{"start":{"line":7,"column":291},"end":{"line":9,"column":81}},{"start":{"line":9,"column":81},"end":{"line":9,"column":88}},{"start":{"line":9,"column":88},"end":{"line":9,"column":121}}],"line":7}},"s":{"0":0,"1":0,"2":0,"3":0,"4":0,"5":0,"6":0,"7":0,"8":0,"9":0,"10":0,"11":0},"f":{"0":0,"1":0},"b":{"0":[0,0,0]}}
,"/Users/skeletor/Projects/Mobile/hubersOnMaps/src/redux/sagas/locations.js": {"path":"/Users/skeletor/Projects/Mobile/hubersOnMaps/src/redux/sagas/locations.js","statementMap":{"0":{"start":{"line":1,"column":0},"end":{"line":1,"column":57}},"1":{"start":{"line":1,"column":57},"end":{"line":9,"column":34}},"2":{"start":{"line":9,"column":43},"end":{"line":9,"column":72}},"3":{"start":{"line":9,"column":83},"end":{"line":9,"column":111}},"4":{"start":{"line":9,"column":127},"end":{"line":9,"column":156}},"5":{"start":{"line":9,"column":170},"end":{"line":9,"column":199}},"6":{"start":{"line":9,"column":237},"end":{"line":9,"column":282}},"7":{"start":{"line":9,"column":295},"end":{"line":9,"column":336}},"8":{"start":{"line":9,"column":351},"end":{"line":9,"column":401}},"9":{"start":{"line":9,"column":377},"end":{"line":9,"column":400}},"10":{"start":{"line":9,"column":486},"end":{"line":22,"column":108}},"11":{"start":{"line":9,"column":554},"end":{"line":22,"column":92}},"12":{"start":{"line":9,"column":563},"end":{"line":22,"column":91}},"13":{"start":{"line":10,"column":0},"end":{"line":10,"column":37}},"14":{"start":{"line":10,"column":37},"end":{"line":10,"column":53}},"15":{"start":{"line":10,"column":53},"end":{"line":11,"column":68}},"16":{"start":{"line":11,"column":75},"end":{"line":11,"column":98}},"17":{"start":{"line":11,"column":98},"end":{"line":13,"column":37}},"18":{"start":{"line":13,"column":13},"end":{"line":13,"column":30}},"19":{"start":{"line":13,"column":30},"end":{"line":13,"column":36}},"20":{"start":{"line":13,"column":37},"end":{"line":13,"column":53}},"21":{"start":{"line":13,"column":53},"end":{"line":14,"column":32}},"22":{"start":{"line":14,"column":39},"end":{"line":14,"column":68}},"23":{"start":{"line":15,"column":0},"end":{"line":15,"column":93}},"24":{"start":{"line":15,"column":51},"end":{"line":15,"column":90}},"25":{"start":{"line":15,"column":93},"end":{"line":15,"column":110}},"26":{"start":{"line":15,"column":110},"end":{"line":19,"column":61}},"27":{"start":{"line":19,"column":69},"end":{"line":19,"column":86}},"28":{"start":{"line":19,"column":86},"end":{"line":19,"column":92}},"29":{"start":{"line":19,"column":100},"end":{"line":19,"column":117}},"30":{"start":{"line":19,"column":117},"end":{"line":22,"column":49}},"31":{"start":{"line":22,"column":67},"end":{"line":22,"column":90}}},"fnMap":{"0":{"name":"_interopRequireDefault","decl":{"start":{"line":9,"column":209},"end":{"line":9,"column":231}},"loc":{"start":{"line":9,"column":236},"end":{"line":9,"column":283}},"line":9},"1":{"name":"locations","decl":{"start":{"line":9,"column":360},"end":{"line":9,"column":369}},"loc":{"start":{"line":9,"column":376},"end":{"line":9,"column":401}},"line":9},"2":{"name":"searchAndAddUser","decl":{"start":{"line":9,"column":411},"end":{"line":9,"column":427}},"loc":{"start":{"line":9,"column":435},"end":{"line":22,"column":109}},"line":9},"3":{"name":"searchAndAddUser$","decl":{"start":{"line":9,"column":526},"end":{"line":9,"column":543}},"loc":{"start":{"line":9,"column":553},"end":{"line":22,"column":93}},"line":9},"4":{"name":"(anonymous_4)","decl":{"start":{"line":15,"column":36},"end":{"line":15,"column":37}},"loc":{"start":{"line":15,"column":50},"end":{"line":15,"column":91}},"line":15}},"branchMap":{"0":{"loc":{"start":{"line":9,"column":244},"end":{"line":9,"column":281}},"type":"cond-expr","locations":[{"start":{"line":9,"column":264},"end":{"line":9,"column":267}},{"start":{"line":9,"column":268},"end":{"line":9,"column":281}}],"line":9},"1":{"loc":{"start":{"line":9,"column":244},"end":{"line":9,"column":263}},"type":"binary-expr","locations":[{"start":{"line":9,"column":244},"end":{"line":9,"column":247}},{"start":{"line":9,"column":249},"end":{"line":9,"column":263}}],"line":9},"2":{"loc":{"start":{"line":9,"column":563},"end":{"line":22,"column":91}},"type":"switch","locations":[{"start":{"line":9,"column":599},"end":{"line":11,"column":68}},{"start":{"line":11,"column":68},"end":{"line":14,"column":32}},{"start":{"line":14,"column":32},"end":{"line":19,"column":61}},{"start":{"line":19,"column":61},"end":{"line":19,"column":92}},{"start":{"line":19,"column":92},"end":{"line":22,"column":49}},{"start":{"line":22,"column":49},"end":{"line":22,"column":57}},{"start":{"line":22,"column":57},"end":{"line":22,"column":90}}],"line":9},"3":{"loc":{"start":{"line":11,"column":98},"end":{"line":13,"column":37}},"type":"if","locations":[{"start":{"line":11,"column":98},"end":{"line":13,"column":37}},{"start":{"line":11,"column":98},"end":{"line":13,"column":37}}],"line":11},"4":{"loc":{"start":{"line":18,"column":5},"end":{"line":18,"column":68}},"type":"cond-expr","locations":[{"start":{"line":18,"column":16},"end":{"line":18,"column":43}},{"start":{"line":18,"column":44},"end":{"line":18,"column":68}}],"line":18}},"s":{"0":0,"1":0,"2":0,"3":0,"4":0,"5":0,"6":0,"7":0,"8":0,"9":0,"10":0,"11":0,"12":0,"13":0,"14":0,"15":0,"16":0,"17":0,"18":0,"19":0,"20":0,"21":0,"22":0,"23":0,"24":0,"25":0,"26":0,"27":0,"28":0,"29":0,"30":0,"31":0},"f":{"0":0,"1":0,"2":0,"3":0,"4":0},"b":{"0":[0,0],"1":[0,0],"2":[0,0,0,0,0,0,0],"3":[0,0],"4":[0,0]}}
}
