TN:
SF:/Users/skeletor/Projects/Mobile/hubersOnMaps/src/pages/Main/index.js
FN:35,(anonymous_0)
FN:42,(anonymous_1)
FN:46,(anonymous_2)
FN:50,(anonymous_3)
FN:60,(anonymous_4)
FN:61,(anonymous_5)
FN:72,(anonymous_6)
FN:81,(anonymous_7)
FN:83,(anonymous_8)
FN:107,(anonymous_9)
FN:112,(anonymous_10)
FNF:11
FNH:11
FNDA:11,(anonymous_0)
FNDA:2,(anonymous_1)
FNDA:3,(anonymous_2)
FNDA:1,(anonymous_3)
FNDA:5,(anonymous_4)
FNDA:1,(anonymous_5)
FNDA:11,(anonymous_6)
FNDA:1,(anonymous_7)
FNDA:8,(anonymous_8)
FNDA:8,(anonymous_9)
FNDA:8,(anonymous_10)
DA:35,11
DA:43,2
DA:47,3
DA:50,1
DA:61,5
DA:73,11
DA:75,11
DA:81,1
DA:84,8
DA:107,8
DA:112,1
DA:113,8
LF:12
LH:12
BRDA:95,0,0,3
BRDA:95,0,1,5
BRF:2
BRH:2
end_of_record
TN:
SF:/Users/skeletor/Projects/Mobile/hubersOnMaps/src/pages/Main/styles.js
FNF:0
FNH:0
DA:4,1
LF:1
LH:1
BRF:0
BRH:0
end_of_record
TN:
SF:/Users/skeletor/Projects/Mobile/hubersOnMaps/src/pages/Main/components/Button/index.js
FN:23,(anonymous_0)
FNF:1
FNH:1
FNDA:1,(anonymous_0)
DA:21,3
DA:23,3
DA:24,1
DA:37,3
DA:44,3
LF:5
LH:5
BRF:0
BRH:0
end_of_record
TN:
SF:/Users/skeletor/Projects/Mobile/hubersOnMaps/src/pages/Main/components/Button/styles.js
FNF:0
FNH:0
DA:4,3
LF:1
LH:1
BRF:0
BRH:0
end_of_record
TN:
SF:/Users/skeletor/Projects/Mobile/hubersOnMaps/src/pages/Main/components/Modal/index.js
FN:47,(anonymous_0)
FN:61,(anonymous_1)
FN:70,(anonymous_2)
FN:78,(anonymous_3)
FN:85,(anonymous_4)
FN:93,(anonymous_5)
FN:102,(anonymous_6)
FN:106,(anonymous_7)
FN:125,(anonymous_8)
FN:130,(anonymous_9)
FNF:10
FNH:8
FNDA:1,(anonymous_0)
FNDA:7,(anonymous_1)
FNDA:1,(anonymous_2)
FNDA:1,(anonymous_3)
FNDA:1,(anonymous_4)
FNDA:0,(anonymous_5)
FNDA:7,(anonymous_6)
FNDA:0,(anonymous_7)
FNDA:5,(anonymous_8)
FNDA:5,(anonymous_9)
DA:48,1
DA:49,1
DA:51,1
DA:52,1
DA:54,1
DA:56,0
DA:58,0
DA:62,7
DA:70,1
DA:78,1
DA:85,1
DA:94,0
DA:103,7
DA:125,5
DA:130,2
DA:131,5
LF:16
LH:13
BRDA:54,0,0,1
BRDA:54,0,1,0
BRDA:113,1,0,0
BRDA:113,1,1,7
BRDA:117,2,0,7
BRDA:117,2,1,0
BRF:6
BRH:3
end_of_record
TN:
SF:/Users/skeletor/Projects/Mobile/hubersOnMaps/src/pages/Main/components/Modal/styles.js
FNF:0
FNH:0
DA:4,2
LF:1
LH:1
BRF:0
BRH:0
end_of_record
TN:
SF:/Users/skeletor/Projects/Mobile/hubersOnMaps/src/redux/ducks/index.js
FN:2,_interopRequireDefault
FNF:1
FNH:0
FNDA:0,_interopRequireDefault
DA:1,0
DA:2,0
LF:2
LH:0
BRDA:2,0,0,0
BRDA:2,0,1,0
BRDA:2,1,0,0
BRDA:2,1,1,0
BRF:4
BRH:0
end_of_record
TN:
SF:/Users/skeletor/Projects/Mobile/hubersOnMaps/src/redux/ducks/locations.js
FN:24,locations
FN:67,(anonymous_1)
FN:77,addLocation
FN:87,removeMarker
FNF:4
FNH:1
FNDA:0,locations
FNDA:0,(anonymous_1)
FNDA:0,addLocation
FNDA:4,removeMarker
DA:6,2
DA:17,2
DA:25,0
DA:28,0
DA:35,0
DA:42,0
DA:50,0
DA:58,0
DA:66,0
DA:67,0
DA:70,0
DA:78,0
DA:88,4
LF:13
LH:3
BRDA:24,0,0,0
BRDA:25,1,0,0
BRDA:25,1,1,0
BRDA:25,1,2,0
BRDA:25,1,3,0
BRDA:25,1,4,0
BRDA:25,1,5,0
BRDA:25,1,6,0
BRDA:25,1,7,0
BRF:9
BRH:0
end_of_record
TN:
SF:/Users/skeletor/Projects/Mobile/hubersOnMaps/src/redux/ducks/ui.js
FN:17,modal
FN:39,openModal
FN:48,closeModal
FNF:3
FNH:2
FNDA:0,modal
FNDA:1,openModal
FNDA:2,closeModal
DA:6,2
DA:15,2
DA:18,0
DA:20,0
DA:27,0
DA:32,0
DA:40,1
DA:49,2
LF:8
LH:4
BRDA:17,0,0,0
BRDA:18,1,0,0
BRDA:18,1,1,0
BRDA:18,1,2,0
BRDA:18,1,3,0
BRF:5
BRH:0
end_of_record
TN:
SF:/Users/skeletor/Projects/Mobile/hubersOnMaps/src/redux/sagas/index.js
FN:7,root
FN:7,root$
FNF:2
FNH:0
FNDA:0,root
FNDA:0,root$
DA:1,0
DA:7,0
DA:9,0
LF:3
LH:0
BRDA:7,0,0,0
BRDA:7,0,1,0
BRDA:7,0,2,0
BRF:3
BRH:0
end_of_record
TN:
SF:/Users/skeletor/Projects/Mobile/hubersOnMaps/src/redux/sagas/locations.js
FN:9,_interopRequireDefault
FN:9,locations
FN:9,searchAndAddUser
FN:9,searchAndAddUser$
FN:15,(anonymous_4)
FNF:5
FNH:0
FNDA:0,_interopRequireDefault
FNDA:0,locations
FNDA:0,searchAndAddUser
FNDA:0,searchAndAddUser$
FNDA:0,(anonymous_4)
DA:1,0
DA:9,0
DA:10,0
DA:11,0
DA:13,0
DA:14,0
DA:15,0
DA:19,0
DA:22,0
LF:9
LH:0
BRDA:9,0,0,0
BRDA:9,0,1,0
BRDA:9,1,0,0
BRDA:9,1,1,0
BRDA:9,2,0,0
BRDA:9,2,1,0
BRDA:9,2,2,0
BRDA:9,2,3,0
BRDA:9,2,4,0
BRDA:9,2,5,0
BRDA:9,2,6,0
BRDA:11,3,0,0
BRDA:11,3,1,0
BRDA:18,4,0,0
BRDA:18,4,1,0
BRF:15
BRH:0
end_of_record
