TN:
SF:/Users/skeletor/Projects/Mobile/hubersOnMaps/src/pages/Main/index.js
FN:35,(anonymous_0)
FN:42,(anonymous_1)
FN:46,(anonymous_2)
FN:50,(anonymous_3)
FN:60,(anonymous_4)
FN:61,(anonymous_5)
FN:72,(anonymous_6)
FN:81,(anonymous_7)
FN:83,(anonymous_8)
FN:107,(anonymous_9)
FN:112,(anonymous_10)
FNF:11
FNH:11
FNDA:11,(anonymous_0)
FNDA:2,(anonymous_1)
FNDA:3,(anonymous_2)
FNDA:1,(anonymous_3)
FNDA:5,(anonymous_4)
FNDA:1,(anonymous_5)
FNDA:11,(anonymous_6)
FNDA:1,(anonymous_7)
FNDA:8,(anonymous_8)
FNDA:8,(anonymous_9)
FNDA:8,(anonymous_10)
DA:35,11
DA:43,2
DA:47,3
DA:50,1
DA:61,5
DA:73,11
DA:75,11
DA:81,1
DA:84,8
DA:107,8
DA:112,1
DA:113,8
LF:12
LH:12
BRDA:95,0,0,3
BRDA:95,0,1,5
BRF:2
BRH:2
end_of_record
TN:
SF:/Users/skeletor/Projects/Mobile/hubersOnMaps/src/pages/Main/styles.js
FNF:0
FNH:0
DA:4,1
LF:1
LH:1
BRF:0
BRH:0
end_of_record
TN:
SF:/Users/skeletor/Projects/Mobile/hubersOnMaps/src/pages/Main/components/Button/index.js
FN:23,(anonymous_0)
FNF:1
FNH:1
FNDA:1,(anonymous_0)
DA:21,3
DA:23,3
DA:24,1
DA:37,3
DA:44,3
LF:5
LH:5
BRF:0
BRH:0
end_of_record
TN:
SF:/Users/skeletor/Projects/Mobile/hubersOnMaps/src/pages/Main/components/Button/styles.js
FNF:0
FNH:0
DA:4,3
LF:1
LH:1
BRF:0
BRH:0
end_of_record
TN:
SF:/Users/skeletor/Projects/Mobile/hubersOnMaps/src/pages/Main/components/Modal/index.js
FN:47,(anonymous_0)
FN:58,(anonymous_1)
FN:67,(anonymous_2)
FN:75,(anonymous_3)
FN:82,(anonymous_4)
FN:90,(anonymous_5)
FN:99,(anonymous_6)
FN:121,(anonymous_7)
FN:126,(anonymous_8)
FNF:9
FNH:9
FNDA:2,(anonymous_0)
FNDA:10,(anonymous_1)
FNDA:1,(anonymous_2)
FNDA:1,(anonymous_3)
FNDA:2,(anonymous_4)
FNDA:1,(anonymous_5)
FNDA:11,(anonymous_6)
FNDA:8,(anonymous_7)
FNDA:8,(anonymous_8)
DA:48,2
DA:49,2
DA:51,2
DA:53,1
DA:55,1
DA:59,10
DA:67,1
DA:75,1
DA:82,2
DA:91,1
DA:100,11
DA:121,8
DA:126,2
DA:127,8
LF:14
LH:14
BRDA:51,0,0,1
BRDA:51,0,1,1
BRDA:109,1,0,1
BRDA:109,1,1,10
BRDA:113,2,0,11
BRDA:113,2,1,1
BRF:6
BRH:6
end_of_record
TN:
SF:/Users/skeletor/Projects/Mobile/hubersOnMaps/src/pages/Main/components/Modal/styles.js
FNF:0
FNH:0
DA:4,2
LF:1
LH:1
BRF:0
BRH:0
end_of_record
TN:
SF:/Users/skeletor/Projects/Mobile/hubersOnMaps/src/redux/ducks/locations.js
FN:24,locations
FN:67,(anonymous_1)
FN:77,addLocation
FN:87,removeMarker
FNF:4
FNH:4
FNDA:8,locations
FNDA:1,(anonymous_1)
FNDA:5,addLocation
FNDA:5,removeMarker
DA:6,5
DA:17,5
DA:25,8
DA:28,2
DA:35,1
DA:42,1
DA:50,1
DA:58,1
DA:66,1
DA:67,1
DA:70,1
DA:78,5
DA:88,5
LF:13
LH:13
BRDA:24,0,0,1
BRDA:25,1,0,1
BRDA:25,1,1,2
BRDA:25,1,2,1
BRDA:25,1,3,1
BRDA:25,1,4,1
BRDA:25,1,5,1
BRDA:25,1,6,1
BRDA:25,1,7,1
BRF:9
BRH:9
end_of_record
TN:
SF:/Users/skeletor/Projects/Mobile/hubersOnMaps/src/redux/ducks/ui.js
FN:17,modal
FN:39,openModal
FN:48,closeModal
FNF:3
FNH:3
FNDA:4,modal
FNDA:1,openModal
FNDA:2,closeModal
DA:6,5
DA:15,5
DA:18,4
DA:20,1
DA:27,2
DA:32,1
DA:40,1
DA:49,2
LF:8
LH:8
BRDA:17,0,0,1
BRDA:18,1,0,1
BRDA:18,1,1,1
BRDA:18,1,2,2
BRDA:18,1,3,1
BRF:5
BRH:5
end_of_record
TN:
SF:/Users/skeletor/Projects/Mobile/hubersOnMaps/src/redux/sagas/locations.js
FN:7,(anonymous_0)
FN:9,searchAndAddUser
FN:18,(anonymous_2)
FNF:3
FNH:3
FNDA:2,(anonymous_0)
FNDA:3,searchAndAddUser
FNDA:1,(anonymous_2)
DA:7,2
DA:10,3
DA:11,3
DA:13,3
DA:14,2
DA:15,2
DA:17,2
DA:18,1
DA:21,2
DA:26,1
LF:10
LH:10
BRDA:13,0,0,2
BRDA:13,0,1,1
BRDA:17,1,0,1
BRDA:17,1,1,1
BRDA:22,2,0,1
BRDA:22,2,1,1
BRF:6
BRH:6
end_of_record
